<frozen importlib._bootstrap>:219: RuntimeWarning: numpy.ndarray size changed, may indicate binary incompatibility. Expected 80 from C header, got 88 from PyObject
/home/sumail/anaconda3/lib/python3.8/site-packages/gym/logger.py:30: UserWarning: [33mWARN: Box bound precision lowered by casting to float32[0m
  warnings.warn(colorize('%s: %s'%('WARN', msg % args), 'yellow'))
Creating offscreen glfw
param_dir: /home/sumail/robosuite/params/params
param_file: /home/sumail/robosuite/params/params/osc_pose.json
params ::: {'alg_params': {'actor_options': {}, 'policy_type': 'MlpPolicy'}, 'type': 'OSC_POSE', 'input_max': 1, 'input_min': -1, 'output_max': [0.05, 0.05, 0.05, 0.5, 0.5, 0.5], 'output_min': [-0.05, -0.05, -0.05, -0.5, -0.5, -0.5], 'kp': 150, 'damping_ratio': 1, 'impedance_mode': 'fixed', 'kp_limits': [0, 300], 'damping_ratio_limits': [0, 10], 'position_limits': None, 'orientation_limits': None, 'uncouple_pos_ori': True, 'control_delta': True, 'interpolation': None, 'ramp_ratio': 0.2}
created result_path: results/2022/Door/PPO/Panda/fixed
cameras: ['agentview_image']
keys:  ['object-state', 'agentview_image', 'robot0_proprio-state']
obs_dim : 46 7
Learning and recording to: results/2022/Door/PPO/Panda/fixed/seed_0
usage: main_mao.py [-h] [--env_name ENV_NAME] [--alg ALG]
                   [--impedance_mode IMPEDANCE_MODE]
                   [--total_timesteps TOTAL_TIMESTEPS]
                   [--controller_name CONTROLLER_NAME] [--seed SEED]
                   [--robot ROBOT] [--kp_max KP_MAX] [--kp_min KP_MIN]
main_mao.py: error: unrecognized arguments: kp_max=300 kp_min=0
Creating offscreen glfw
<frozen importlib._bootstrap>:219: RuntimeWarning: numpy.ndarray size changed, may indicate binary incompatibility. Expected 80 from C header, got 88 from PyObject
/home/sumail/anaconda3/lib/python3.8/site-packages/gym/logger.py:30: UserWarning: [33mWARN: Box bound precision lowered by casting to float32[0m
  warnings.warn(colorize('%s: %s'%('WARN', msg % args), 'yellow'))
Creating offscreen glfw
param_dir: /home/sumail/robosuite/params/params
param_file: /home/sumail/robosuite/params/params/osc_pose.json
params ::: {'alg_params': {'actor_options': {}, 'policy_type': 'MlpPolicy'}, 'type': 'OSC_POSE', 'input_max': 1, 'input_min': -1, 'output_max': [0.05, 0.05, 0.05, 0.5, 0.5, 0.5], 'output_min': [-0.05, -0.05, -0.05, -0.5, -0.5, -0.5], 'kp': 150, 'damping_ratio': 1, 'impedance_mode': 'variable', 'kp_limits': [0, 300], 'damping_ratio_limits': [0, 10], 'position_limits': None, 'orientation_limits': None, 'uncouple_pos_ori': True, 'control_delta': True, 'interpolation': None, 'ramp_ratio': 0.2}
created result_path: results/2022/Wipe/PPO/Panda/variable/seed-0
cameras: ['sideview_image']
keys:  ['object-state', 'sideview_image', 'robot0_proprio-state']
obs_dim : 37 18
Learning and recording to: results/2022/Wipe/PPO/Panda/variable/seed-0/PPO_kp-limits[0,300]
Joint limit reached in joint 3
Joint limit reached in joint 3
Joint limit reached in joint 3
Joint limit reached in joint 3
Joint limit reached in joint 5
Joint limit reached in joint 5
Joint limit reached in joint 1
Joint limit reached in joint 1
Joint limit reached in joint 1
Joint limit reached in joint 1
Joint limit reached in joint 1
Joint limit reached in joint 1
Joint limit reached in joint 6
Joint limit reached in joint 6
Joint limit reached in joint 6
Joint limit reached in joint 6
Joint limit reached in joint 6
Joint limit reached in joint 6
Creating offscreen glfw
param_dir: /home/sumail/robosuite/params/params
param_file: /home/sumail/robosuite/params/params/osc_pose.json
params ::: {'alg_params': {'actor_options': {}, 'policy_type': 'MlpPolicy'}, 'type': 'OSC_POSE', 'input_max': 1, 'input_min': -1, 'output_max': [0.05, 0.05, 0.05, 0.5, 0.5, 0.5], 'output_min': [-0.05, -0.05, -0.05, -0.5, -0.5, -0.5], 'kp': 200, 'damping_ratio': 1, 'impedance_mode': 'fixed', 'kp_limits': [0, 300], 'damping_ratio_limits': [0, 10], 'position_limits': None, 'orientation_limits': None, 'uncouple_pos_ori': True, 'control_delta': True, 'interpolation': None, 'ramp_ratio': 0.2}
created result_path: results/v2/Wipe/PPO/Panda/fixed/seed0
cameras: ['sideview_image']
keys:  ['object-state', 'sideview_image', 'robot0_proprio-state']
obs_dim : 37 6
Learning and recording to: results/v2/Wipe/PPO/Panda/fixed/seed0/PPO_kp200_damping-ratio1
Joint limit reached in joint 5
Joint limit reached in joint 5
Joint limit reached in joint 3
Joint limit reached in joint 3
Joint limit reached in joint 5
Joint limit reached in joint 5
Joint limit reached in joint 3
Joint limit reached in joint 3
Joint limit reached in joint 3
Joint limit reached in joint 3
Joint limit reached in joint 6
Joint limit reached in joint 6
Joint limit reached in joint 3
Joint limit reached in joint 3
Joint limit reached in joint 5
Joint limit reached in joint 5
Joint limit reached in joint 5
Joint limit reached in joint 5
Joint limit reached in joint 5
Joint limit reached in joint 5
Joint limit reached in joint 5
Joint limit reached in joint 5
Joint limit reached in joint 5
Joint limit reached in joint 5
Joint limit reached in joint 3
Joint limit reached in joint 3
Joint limit reached in joint 5
Joint limit reached in joint 5
Joint limit reached in joint 5
Joint limit reached in joint 5
Joint limit reached in joint 1
Joint limit reached in joint 1
Joint limit reached in joint 3
Joint limit reached in joint 3
Joint limit reached in joint 6
Joint limit reached in joint 6
Joint limit reached in joint 5
Joint limit reached in joint 5
Joint limit reached in joint 5
Joint limit reached in joint 5
Joint limit reached in joint 5
Joint limit reached in joint 5
Joint limit reached in joint 5
Joint limit reached in joint 5
Joint limit reached in joint 4
Joint limit reached in joint 4
Joint limit reached in joint 3
Joint limit reached in joint 3
Joint limit reached in joint 3
Joint limit reached in joint 3
Joint limit reached in joint 6
Joint limit reached in joint 6
Joint limit reached in joint 5
Joint limit reached in joint 5
Joint limit reached in joint 4
Joint limit reached in joint 3
Joint limit reached in joint 3
Joint limit reached in joint 4
Joint limit reached in joint 4
Joint limit reached in joint 5
Joint limit reached in joint 5
Joint limit reached in joint 3
Joint limit reached in joint 3
Joint limit reached in joint 3
Joint limit reached in joint 3
Joint limit reached in joint 5
Joint limit reached in joint 5
Joint limit reached in joint 3
Joint limit reached in joint 3
Joint limit reached in joint 6
Joint limit reached in joint 6
Joint limit reached in joint 5
Joint limit reached in joint 5
Joint limit reached in joint 4
Joint limit reached in joint 4
Joint limit reached in joint 5
Joint limit reached in joint 5
Joint limit reached in joint 3
Joint limit reached in joint 3
Joint limit reached in joint 3
Joint limit reached in joint 3
Joint limit reached in joint 4
Joint limit reached in joint 4
Joint limit reached in joint 5
Joint limit reached in joint 5
Joint limit reached in joint 3
Joint limit reached in joint 3
Joint limit reached in joint 5
Joint limit reached in joint 5
Joint limit reached in joint 3
Joint limit reached in joint 3
Joint limit reached in joint 3
Joint limit reached in joint 3
Joint limit reached in joint 3
Joint limit reached in joint 3
Joint limit reached in joint 6
Joint limit reached in joint 6
Joint limit reached in joint 3
Joint limit reached in joint 3
Joint limit reached in joint 5
Joint limit reached in joint 5
Joint limit reached in joint 1
Joint limit reached in joint 1
Joint limit reached in joint 6
Joint limit reached in joint 6
Joint limit reached in joint 4
Joint limit reached in joint 4
Joint limit reached in joint 6
Joint limit reached in joint 6
Joint limit reached in joint 3
Joint limit reached in joint 3
Joint limit reached in joint 5
Joint limit reached in joint 5
Joint limit reached in joint 6
Joint limit reached in joint 6
Joint limit reached in joint 4
Joint limit reached in joint 4
Joint limit reached in joint 5
Joint limit reached in joint 5
Joint limit reached in joint 3
Joint limit reached in joint 3
Joint limit reached in joint 3
Joint limit reached in joint 3
Joint limit reached in joint 6
Joint limit reached in joint 6
Joint limit reached in joint 4
Joint limit reached in joint 4
Joint limit reached in joint 5
Joint limit reached in joint 5
Joint limit reached in joint 4
Joint limit reached in joint 4
Joint limit reached in joint 6
Joint limit reached in joint 6
Joint limit reached in joint 3
Joint limit reached in joint 3
Joint limit reached in joint 5
Joint limit reached in joint 5
Joint limit reached in joint 5
Joint limit reached in joint 5
Joint limit reached in joint 5
Joint limit reached in joint 5
Joint limit reached in joint 5
Joint limit reached in joint 5
Joint limit reached in joint 1
Joint limit reached in joint 1
Joint limit reached in joint 3
Joint limit reached in joint 3
Joint limit reached in joint 4
Joint limit reached in joint 4
Joint limit reached in joint 4
Joint limit reached in joint 4
Joint limit reached in joint 3
Joint limit reached in joint 3
Joint limit reached in joint 3
Joint limit reached in joint 3
Joint limit reached in joint 4
Joint limit reached in joint 4
Joint limit reached in joint 3
Joint limit reached in joint 3
Joint limit reached in joint 4
Joint limit reached in joint 4
Joint limit reached in joint 4
Joint limit reached in joint 4
Joint limit reached in joint 5
Joint limit reached in joint 5
Joint limit reached in joint 3
Joint limit reached in joint 3
Joint limit reached in joint 3
Joint limit reached in joint 3
Joint limit reached in joint 5
Joint limit reached in joint 5
Joint limit reached in joint 5
Joint limit reached in joint 5
Joint limit reached in joint 5
Joint limit reached in joint 5
Joint limit reached in joint 5
Joint limit reached in joint 5
Joint limit reached in joint 3
Joint limit reached in joint 3
Joint limit reached in joint 3
Joint limit reached in joint 3
Joint limit reached in joint 1
Joint limit reached in joint 1
Joint limit reached in joint 6
Joint limit reached in joint 6
Joint limit reached in joint 5
Joint limit reached in joint 5
Joint limit reached in joint 5
Joint limit reached in joint 5
Joint limit reached in joint 4
Joint limit reached in joint 4
Joint limit reached in joint 5
Joint limit reached in joint 5
Joint limit reached in joint 3
Joint limit reached in joint 3
Joint limit reached in joint 5
Joint limit reached in joint 5
Joint limit reached in joint 3
Joint limit reached in joint 3
Joint limit reached in joint 5
Joint limit reached in joint 5
Joint limit reached in joint 6
Joint limit reached in joint 6
Joint limit reached in joint 5
Joint limit reached in joint 5
Joint limit reached in joint 5
Joint limit reached in joint 5
Joint limit reached in joint 5
Joint limit reached in joint 5
Joint limit reached in joint 5
Joint limit reached in joint 5
Joint limit reached in joint 5
Joint limit reached in joint 5
Joint limit reached in joint 3
Joint limit reached in joint 3
Joint limit reached in joint 4
Joint limit reached in joint 4
Joint limit reached in joint 5
Joint limit reached in joint 5
Joint limit reached in joint 6
Joint limit reached in joint 6
Joint limit reached in joint 5
Joint limit reached in joint 5
Joint limit reached in joint 1
Joint limit reached in joint 1
Joint limit reached in joint 6
Joint limit reached in joint 6
Joint limit reached in joint 5
Joint limit reached in joint 5
Joint limit reached in joint 4
Joint limit reached in joint 4
Joint limit reached in joint 3
Joint limit reached in joint 3
Joint limit reached in joint 3
Joint limit reached in joint 3
Joint limit reached in joint 5
Joint limit reached in joint 5
Joint limit reached in joint 3
Joint limit reached in joint 3
Joint limit reached in joint 3
Joint limit reached in joint 3
Joint limit reached in joint 3
Joint limit reached in joint 3
Joint limit reached in joint 5
Joint limit reached in joint 5
Joint limit reached in joint 3
Joint limit reached in joint 3
Joint limit reached in joint 5
Joint limit reached in joint 5
Joint limit reached in joint 1
Joint limit reached in joint 1
Joint limit reached in joint 5
Joint limit reached in joint 5
Joint limit reached in joint 5
Joint limit reached in joint 5
Joint limit reached in joint 4
Joint limit reached in joint 4
Joint limit reached in joint 5
Joint limit reached in joint 5
Joint limit reached in joint 3
Joint limit reached in joint 3
Joint limit reached in joint 6
Joint limit reached in joint 6
Joint limit reached in joint 5
Joint limit reached in joint 5
Joint limit reached in joint 3
Joint limit reached in joint 3
Joint limit reached in joint 4
Joint limit reached in joint 4
Joint limit reached in joint 3
Joint limit reached in joint 3
Joint limit reached in joint 6
Joint limit reached in joint 6
Joint limit reached in joint 5
Joint limit reached in joint 5
Joint limit reached in joint 3
Joint limit reached in joint 3
Joint limit reached in joint 3
Joint limit reached in joint 3
Joint limit reached in joint 5
Joint limit reached in joint 5
Joint limit reached in joint 5
Joint limit reached in joint 5
Joint limit reached in joint 5
Joint limit reached in joint 5
Joint limit reached in joint 6
Joint limit reached in joint 6
Joint limit reached in joint 6
Joint limit reached in joint 6
Joint limit reached in joint 4
Joint limit reached in joint 4
Joint limit reached in joint 5
Joint limit reached in joint 5
Joint limit reached in joint 4
Joint limit reached in joint 4
Joint limit reached in joint 3
Joint limit reached in joint 3
Joint limit reached in joint 6
Joint limit reached in joint 6
Joint limit reached in joint 4
Joint limit reached in joint 4
Joint limit reached in joint 5
Joint limit reached in joint 5
Joint limit reached in joint 6
Joint limit reached in joint 6
Joint limit reached in joint 4
Joint limit reached in joint 4
Joint limit reached in joint 6
Joint limit reached in joint 6
Joint limit reached in joint 3
Joint limit reached in joint 3
Joint limit reached in joint 6
Joint limit reached in joint 6
Joint limit reached in joint 5
Joint limit reached in joint 5
Joint limit reached in joint 6
Joint limit reached in joint 6
Joint limit reached in joint 3
Joint limit reached in joint 3
Joint limit reached in joint 3
Joint limit reached in joint 3
Joint limit reached in joint 3
Joint limit reached in joint 3
Joint limit reached in joint 3
Joint limit reached in joint 3
Joint limit reached in joint 3
Joint limit reached in joint 3
Joint limit reached in joint 5
Joint limit reached in joint 5
Joint limit reached in joint 3
Joint limit reached in joint 3
Joint limit reached in joint 1
Joint limit reached in joint 1
Joint limit reached in joint 5
Joint limit reached in joint 5
Joint limit reached in joint 5
Joint limit reached in joint 5
Joint limit reached in joint 3
Joint limit reached in joint 3
Joint limit reached in joint 3
Joint limit reached in joint 3
Joint limit reached in joint 6
Joint limit reached in joint 6
Joint limit reached in joint 3
Joint limit reached in joint 3
Joint limit reached in joint 4
Joint limit reached in joint 4
Joint limit reached in joint 5
Joint limit reached in joint 5
Joint limit reached in joint 1
Joint limit reached in joint 1
Joint limit reached in joint 3
Joint limit reached in joint 3
Joint limit reached in joint 5
Joint limit reached in joint 5
Joint limit reached in joint 5
Joint limit reached in joint 3
Joint limit reached in joint 3
Joint limit reached in joint 5
Joint limit reached in joint 5
Joint limit reached in joint 5
Joint limit reached in joint 5
Joint limit reached in joint 6
Joint limit reached in joint 6
Joint limit reached in joint 3
Joint limit reached in joint 3
Joint limit reached in joint 3
Joint limit reached in joint 3
Joint limit reached in joint 3
Joint limit reached in joint 3
Joint limit reached in joint 5
Joint limit reached in joint 5
Joint limit reached in joint 5
Joint limit reached in joint 5
Joint limit reached in joint 4
Joint limit reached in joint 4
Joint limit reached in joint 5
Joint limit reached in joint 5
Joint limit reached in joint 6
Joint limit reached in joint 6
Joint limit reached in joint 3
Joint limit reached in joint 3
Joint limit reached in joint 3
Joint limit reached in joint 3
Joint limit reached in joint 5
Joint limit reached in joint 5
Joint limit reached in joint 1
Joint limit reached in joint 1
Joint limit reached in joint 5
Joint limit reached in joint 5
Joint limit reached in joint 3
Joint limit reached in joint 3
Joint limit reached in joint 5
Joint limit reached in joint 5
Joint limit reached in joint 3
Joint limit reached in joint 3
Joint limit reached in joint 5
Joint limit reached in joint 5
Joint limit reached in joint 3
Joint limit reached in joint 3
Joint limit reached in joint 6
Joint limit reached in joint 6
Joint limit reached in joint 5
Joint limit reached in joint 5
Joint limit reached in joint 3
Joint limit reached in joint 3
Joint limit reached in joint 5
Joint limit reached in joint 5
Joint limit reached in joint 3
Joint limit reached in joint 3
Joint limit reached in joint 4
Joint limit reached in joint 4
Joint limit reached in joint 5
Joint limit reached in joint 5
Joint limit reached in joint 1
Joint limit reached in joint 1
Joint limit reached in joint 6
Joint limit reached in joint 6
Joint limit reached in joint 1
Joint limit reached in joint 1
Joint limit reached in joint 5
Joint limit reached in joint 5
Joint limit reached in joint 5
Joint limit reached in joint 5
Joint limit reached in joint 5
Joint limit reached in joint 5
Joint limit reached in joint 5
Joint limit reached in joint 5
Joint limit reached in joint 1
Joint limit reached in joint 1
Joint limit reached in joint 5
Joint limit reached in joint 5
Joint limit reached in joint 5
Joint limit reached in joint 5
Joint limit reached in joint 3
Joint limit reached in joint 3
Joint limit reached in joint 5
Joint limit reached in joint 5
Joint limit reached in joint 3
Joint limit reached in joint 3
Joint limit reached in joint 3
Joint limit reached in joint 3
Joint limit reached in joint 3
Joint limit reached in joint 3
Joint limit reached in joint 5
Joint limit reached in joint 5
Joint limit reached in joint 3
Joint limit reached in joint 3
Joint limit reached in joint 1
Joint limit reached in joint 1
Joint limit reached in joint 3
Joint limit reached in joint 3
Joint limit reached in joint 6
Joint limit reached in joint 6
Joint limit reached in joint 5
Joint limit reached in joint 5
Joint limit reached in joint 5
Joint limit reached in joint 5
Joint limit reached in joint 4
Joint limit reached in joint 4
Joint limit reached in joint 5
Joint limit reached in joint 5
Joint limit reached in joint 1
Joint limit reached in joint 1
Joint limit reached in joint 3
Joint limit reached in joint 3
Joint limit reached in joint 6
Joint limit reached in joint 6
Joint limit reached in joint 1
Joint limit reached in joint 1
Joint limit reached in joint 6
Joint limit reached in joint 6
Joint limit reached in joint 1
Joint limit reached in joint 1
Joint limit reached in joint 6
Joint limit reached in joint 6
Joint limit reached in joint 3
Joint limit reached in joint 3
Joint limit reached in joint 1
Joint limit reached in joint 1
Joint limit reached in joint 5
Joint limit reached in joint 5
Joint limit reached in joint 6
Joint limit reached in joint 6
Joint limit reached in joint 5
Joint limit reached in joint 5
Joint limit reached in joint 6
Joint limit reached in joint 6
Joint limit reached in joint 3
Joint limit reached in joint 3
Joint limit reached in joint 5
Joint limit reached in joint 5
Joint limit reached in joint 4
Joint limit reached in joint 4
Joint limit reached in joint 1
Joint limit reached in joint 1
Joint limit reached in joint 5
Joint limit reached in joint 5
Joint limit reached in joint 3
Joint limit reached in joint 3
Joint limit reached in joint 1
Joint limit reached in joint 1
Joint limit reached in joint 5
Joint limit reached in joint 5
Joint limit reached in joint 3
Joint limit reached in joint 3
Joint limit reached in joint 5
Joint limit reached in joint 5
Joint limit reached in joint 4
Joint limit reached in joint 4
Joint limit reached in joint 3
Joint limit reached in joint 3
Joint limit reached in joint 3
Joint limit reached in joint 3
Joint limit reached in joint 4
Joint limit reached in joint 4
Joint limit reached in joint 5
Joint limit reached in joint 6
Joint limit reached in joint 6
Joint limit reached in joint 3
Joint limit reached in joint 3
Joint limit reached in joint 4
Joint limit reached in joint 4
Joint limit reached in joint 3
Joint limit reached in joint 3
Joint limit reached in joint 5
Joint limit reached in joint 5
Joint limit reached in joint 3
Joint limit reached in joint 3
Joint limit reached in joint 5
Joint limit reached in joint 5
Joint limit reached in joint 5
Joint limit reached in joint 5
Joint limit reached in joint 3
Joint limit reached in joint 3
Joint limit reached in joint 4
Joint limit reached in joint 4
Joint limit reached in joint 6
Joint limit reached in joint 6
Joint limit reached in joint 5
Joint limit reached in joint 5
Joint limit reached in joint 5
Joint limit reached in joint 5
Joint limit reached in joint 3
Joint limit reached in joint 3
Joint limit reached in joint 3
Joint limit reached in joint 3
Joint limit reached in joint 3
Joint limit reached in joint 3
Joint limit reached in joint 1
Joint limit reached in joint 1
Joint limit reached in joint 3
Joint limit reached in joint 3
Joint limit reached in joint 4
Joint limit reached in joint 4
Joint limit reached in joint 4
Joint limit reached in joint 5
Joint limit reached in joint 5
Joint limit reached in joint 5
Joint limit reached in joint 5
Joint limit reached in joint 5
Joint limit reached in joint 5
Joint limit reached in joint 3
Joint limit reached in joint 3
Joint limit reached in joint 3
Joint limit reached in joint 3
Joint limit reached in joint 3
Joint limit reached in joint 3
Joint limit reached in joint 5
Joint limit reached in joint 5
Joint limit reached in joint 5
Joint limit reached in joint 5
Joint limit reached in joint 5
Joint limit reached in joint 5
Joint limit reached in joint 5
Joint limit reached in joint 5
Joint limit reached in joint 5
Joint limit reached in joint 5
Joint limit reached in joint 3
Joint limit reached in joint 3
Joint limit reached in joint 6
Joint limit reached in joint 6
Joint limit reached in joint 5
Joint limit reached in joint 5
Joint limit reached in joint 5
Joint limit reached in joint 5
Joint limit reached in joint 6
Joint limit reached in joint 6
Joint limit reached in joint 5
Joint limit reached in joint 5
Joint limit reached in joint 1
Joint limit reached in joint 1
Joint limit reached in joint 3
Joint limit reached in joint 3
Joint limit reached in joint 3
Joint limit reached in joint 3
Joint limit reached in joint 5
Joint limit reached in joint 5
Joint limit reached in joint 3
Joint limit reached in joint 3
Joint limit reached in joint 3
Joint limit reached in joint 3
Joint limit reached in joint 5
Joint limit reached in joint 5
Joint limit reached in joint 4
Joint limit reached in joint 4
Joint limit reached in joint 5
Joint limit reached in joint 5
Joint limit reached in joint 5
Joint limit reached in joint 5
Joint limit reached in joint 4
Joint limit reached in joint 4
Joint limit reached in joint 3
Joint limit reached in joint 3
Joint limit reached in joint 5
Joint limit reached in joint 5
Joint limit reached in joint 1
Joint limit reached in joint 1
Joint limit reached in joint 5
Joint limit reached in joint 5
Joint limit reached in joint 4
Joint limit reached in joint 4
Joint limit reached in joint 5
Joint limit reached in joint 5
Joint limit reached in joint 3
Joint limit reached in joint 3
Joint limit reached in joint 5
Joint limit reached in joint 5
Joint limit reached in joint 3
Joint limit reached in joint 3
Joint limit reached in joint 3
Joint limit reached in joint 3
Joint limit reached in joint 1
Joint limit reached in joint 1
Joint limit reached in joint 1
Joint limit reached in joint 1
Joint limit reached in joint 3
Joint limit reached in joint 3
Joint limit reached in joint 3
Joint limit reached in joint 3
Joint limit reached in joint 5
Joint limit reached in joint 5
Joint limit reached in joint 4
Joint limit reached in joint 4
Joint limit reached in joint 3
Joint limit reached in joint 3
Joint limit reached in joint 3
Joint limit reached in joint 3
Joint limit reached in joint 3
Joint limit reached in joint 3
Joint limit reached in joint 3
Joint limit reached in joint 3
Joint limit reached in joint 5
Joint limit reached in joint 5
Joint limit reached in joint 5
Joint limit reached in joint 5
Joint limit reached in joint 5
Joint limit reached in joint 5
Joint limit reached in joint 5
Joint limit reached in joint 5
Joint limit reached in joint 5
Joint limit reached in joint 5
Joint limit reached in joint 5
Joint limit reached in joint 5
Joint limit reached in joint 5
Joint limit reached in joint 5
Joint limit reached in joint 3
Joint limit reached in joint 3
Joint limit reached in joint 1
Joint limit reached in joint 1
Joint limit reached in joint 4
Joint limit reached in joint 4
Joint limit reached in joint 5
Joint limit reached in joint 5
Joint limit reached in joint 1
Joint limit reached in joint 1
Joint limit reached in joint 6
Joint limit reached in joint 6
Joint limit reached in joint 5
Joint limit reached in joint 5
Joint limit reached in joint 5
Joint limit reached in joint 5
Joint limit reached in joint 5
Joint limit reached in joint 5
Joint limit reached in joint 6
Joint limit reached in joint 6
Joint limit reached in joint 5
Joint limit reached in joint 5
Joint limit reached in joint 3
Joint limit reached in joint 3
Joint limit reached in joint 5
Joint limit reached in joint 5
Joint limit reached in joint 3
Joint limit reached in joint 3
Joint limit reached in joint 5
Joint limit reached in joint 5
Joint limit reached in joint 5
Joint limit reached in joint 5
Joint limit reached in joint 1
Joint limit reached in joint 1
Joint limit reached in joint 3
Joint limit reached in joint 3
Joint limit reached in joint 5
Joint limit reached in joint 5
Joint limit reached in joint 3
Joint limit reached in joint 3
Joint limit reached in joint 4
Joint limit reached in joint 4
Joint limit reached in joint 5
Joint limit reached in joint 5
Joint limit reached in joint 5
Joint limit reached in joint 5
Joint limit reached in joint 3
Joint limit reached in joint 3
Joint limit reached in joint 4
Joint limit reached in joint 4
Joint limit reached in joint 5
Joint limit reached in joint 5
Joint limit reached in joint 6
Joint limit reached in joint 6
Joint limit reached in joint 3
Joint limit reached in joint 3
Joint limit reached in joint 5
Joint limit reached in joint 5
Joint limit reached in joint 5
Joint limit reached in joint 5
Joint limit reached in joint 3
Joint limit reached in joint 3
Joint limit reached in joint 5
Joint limit reached in joint 5
Joint limit reached in joint 5
Joint limit reached in joint 5
Joint limit reached in joint 6
Joint limit reached in joint 6
Joint limit reached in joint 5
Joint limit reached in joint 5
Joint limit reached in joint 5
Joint limit reached in joint 5
Joint limit reached in joint 6
Joint limit reached in joint 6
Joint limit reached in joint 4
Joint limit reached in joint 4
Joint limit reached in joint 5
Joint limit reached in joint 5
Joint limit reached in joint 5
Joint limit reached in joint 5
Joint limit reached in joint 4
Joint limit reached in joint 4
Joint limit reached in joint 5
Joint limit reached in joint 5
Joint limit reached in joint 3
Joint limit reached in joint 3
Joint limit reached in joint 5
Joint limit reached in joint 5
Joint limit reached in joint 5
Joint limit reached in joint 5
Joint limit reached in joint 6
Joint limit reached in joint 6
Joint limit reached in joint 5
Joint limit reached in joint 5
Joint limit reached in joint 1
Joint limit reached in joint 1
Joint limit reached in joint 4
Joint limit reached in joint 4
Joint limit reached in joint 6
Joint limit reached in joint 6
Joint limit reached in joint 5
Joint limit reached in joint 5
Joint limit reached in joint 6
Joint limit reached in joint 6
Joint limit reached in joint 3
Joint limit reached in joint 3
Joint limit reached in joint 5
Joint limit reached in joint 5
Joint limit reached in joint 5
Joint limit reached in joint 5
Joint limit reached in joint 1
Joint limit reached in joint 1
Joint limit reached in joint 4
Joint limit reached in joint 4
Joint limit reached in joint 5
Joint limit reached in joint 5
Joint limit reached in joint 5
Joint limit reached in joint 5
Joint limit reached in joint 3
Joint limit reached in joint 3
Joint limit reached in joint 5
Joint limit reached in joint 5
Joint limit reached in joint 1
Joint limit reached in joint 1
Joint limit reached in joint 6
Joint limit reached in joint 6
Joint limit reached in joint 1
Joint limit reached in joint 1
Joint limit reached in joint 4
Joint limit reached in joint 4
Joint limit reached in joint 5
Joint limit reached in joint 5
Joint limit reached in joint 3
Joint limit reached in joint 3
Joint limit reached in joint 3
Joint limit reached in joint 3
Joint limit reached in joint 3
Joint limit reached in joint 3
Joint limit reached in joint 4
Joint limit reached in joint 4
Joint limit reached in joint 5
Joint limit reached in joint 5
Joint limit reached in joint 3
Joint limit reached in joint 3
Joint limit reached in joint 5
Joint limit reached in joint 5
Joint limit reached in joint 3
Joint limit reached in joint 3
Joint limit reached in joint 5
Joint limit reached in joint 5
Joint limit reached in joint 3
Joint limit reached in joint 3
Joint limit reached in joint 5
Joint limit reached in joint 5
Joint limit reached in joint 5
Joint limit reached in joint 5
Joint limit reached in joint 5
Joint limit reached in joint 5
Joint limit reached in joint 5
Joint limit reached in joint 5
Joint limit reached in joint 4
Joint limit reached in joint 4
Joint limit reached in joint 5
Joint limit reached in joint 5
Joint limit reached in joint 5
Joint limit reached in joint 5
Joint limit reached in joint 1
Joint limit reached in joint 1
Joint limit reached in joint 5
Joint limit reached in joint 5
Joint limit reached in joint 5
Joint limit reached in joint 5
Joint limit reached in joint 5
Joint limit reached in joint 5
Joint limit reached in joint 5
Joint limit reached in joint 5
Joint limit reached in joint 6
Joint limit reached in joint 6
Joint limit reached in joint 6
Joint limit reached in joint 6
Joint limit reached in joint 5
Joint limit reached in joint 5
Joint limit reached in joint 1
Joint limit reached in joint 1
Joint limit reached in joint 4
Joint limit reached in joint 4
Joint limit reached in joint 3
Joint limit reached in joint 3
Joint limit reached in joint 4
Joint limit reached in joint 4
Joint limit reached in joint 5
Joint limit reached in joint 5
Joint limit reached in joint 5
Joint limit reached in joint 5
Joint limit reached in joint 1
Joint limit reached in joint 1
Joint limit reached in joint 6
Joint limit reached in joint 6
Joint limit reached in joint 1
Joint limit reached in joint 1
Joint limit reached in joint 1
Joint limit reached in joint 1
Joint limit reached in joint 5
Joint limit reached in joint 5
Joint limit reached in joint 5
Joint limit reached in joint 5
Joint limit reached in joint 5
Joint limit reached in joint 5
Joint limit reached in joint 1
Joint limit reached in joint 1
Joint limit reached in joint 5
Joint limit reached in joint 5
Joint limit reached in joint 5
Joint limit reached in joint 5
Joint limit reached in joint 5
Joint limit reached in joint 5
Joint limit reached in joint 3
Joint limit reached in joint 3
Joint limit reached in joint 1
Joint limit reached in joint 1
Joint limit reached in joint 1
Joint limit reached in joint 1
Joint limit reached in joint 5
Joint limit reached in joint 5
Joint limit reached in joint 3
Joint limit reached in joint 3
Joint limit reached in joint 5
Joint limit reached in joint 5
Joint limit reached in joint 5
Joint limit reached in joint 5
Joint limit reached in joint 5
Joint limit reached in joint 5
Joint limit reached in joint 5
Joint limit reached in joint 6
Joint limit reached in joint 6
Joint limit reached in joint 5
Joint limit reached in joint 5
Joint limit reached in joint 5
Joint limit reached in joint 5
Joint limit reached in joint 6
Joint limit reached in joint 6
Joint limit reached in joint 5
Joint limit reached in joint 5
Joint limit reached in joint 5
Joint limit reached in joint 5
Joint limit reached in joint 6
Joint limit reached in joint 6
Joint limit reached in joint 5
Joint limit reached in joint 5
Joint limit reached in joint 5
Joint limit reached in joint 5
Joint limit reached in joint 3
Joint limit reached in joint 3
Joint limit reached in joint 3
Joint limit reached in joint 3
Joint limit reached in joint 5
Joint limit reached in joint 5
Joint limit reached in joint 5
Joint limit reached in joint 5
Joint limit reached in joint 5
Joint limit reached in joint 5
Joint limit reached in joint 6
Joint limit reached in joint 6
Joint limit reached in joint 1
Joint limit reached in joint 1
Joint limit reached in joint 4
Joint limit reached in joint 4
Joint limit reached in joint 5
Joint limit reached in joint 5
Joint limit reached in joint 5
Joint limit reached in joint 5
Joint limit reached in joint 5
Joint limit reached in joint 5
Joint limit reached in joint 1
Joint limit reached in joint 1
Joint limit reached in joint 6
Joint limit reached in joint 6
Joint limit reached in joint 5
Joint limit reached in joint 5
Joint limit reached in joint 6
Joint limit reached in joint 6
Joint limit reached in joint 5
Joint limit reached in joint 5
Joint limit reached in joint 5
Joint limit reached in joint 5
Joint limit reached in joint 5
Joint limit reached in joint 5
Joint limit reached in joint 5
Joint limit reached in joint 5
Joint limit reached in joint 5
Joint limit reached in joint 5
Joint limit reached in joint 4
Joint limit reached in joint 4
Joint limit reached in joint 5
Joint limit reached in joint 5
Joint limit reached in joint 5
Joint limit reached in joint 5
Joint limit reached in joint 5
Joint limit reached in joint 5
Joint limit reached in joint 5
Joint limit reached in joint 5
Joint limit reached in joint 5
Joint limit reached in joint 5
Joint limit reached in joint 5
Joint limit reached in joint 5
Joint limit reached in joint 5
Joint limit reached in joint 5
Joint limit reached in joint 5
Joint limit reached in joint 5
Joint limit reached in joint 4
Joint limit reached in joint 4
Joint limit reached in joint 5
Joint limit reached in joint 5
Joint limit reached in joint 3
Joint limit reached in joint 3
Joint limit reached in joint 1
Joint limit reached in joint 1
Joint limit reached in joint 3
Joint limit reached in joint 3
Joint limit reached in joint 5
Joint limit reached in joint 5
Joint limit reached in joint 5
Joint limit reached in joint 5
Joint limit reached in joint 5
Joint limit reached in joint 5
Joint limit reached in joint 1
Joint limit reached in joint 1
Joint limit reached in joint 3
Joint limit reached in joint 3
Joint limit reached in joint 6
Joint limit reached in joint 6
Joint limit reached in joint 6
Joint limit reached in joint 6
Joint limit reached in joint 1
Joint limit reached in joint 1
Joint limit reached in joint 5
Joint limit reached in joint 5
Joint limit reached in joint 5
Joint limit reached in joint 3
Joint limit reached in joint 3
Joint limit reached in joint 1
Joint limit reached in joint 1
Joint limit reached in joint 6
Joint limit reached in joint 6
Joint limit reached in joint 5
Joint limit reached in joint 5
Joint limit reached in joint 5
Joint limit reached in joint 5
Joint limit reached in joint 5
Joint limit reached in joint 5
Joint limit reached in joint 1
Joint limit reached in joint 1
Joint limit reached in joint 5
Joint limit reached in joint 5
Joint limit reached in joint 5
Joint limit reached in joint 5
Joint limit reached in joint 5
Joint limit reached in joint 5
Joint limit reached in joint 5
Joint limit reached in joint 5
Joint limit reached in joint 3
Joint limit reached in joint 3
Joint limit reached in joint 6
Joint limit reached in joint 6
Joint limit reached in joint 5
Joint limit reached in joint 5
Joint limit reached in joint 5
Joint limit reached in joint 5
Joint limit reached in joint 5
Joint limit reached in joint 5
Joint limit reached in joint 5
Joint limit reached in joint 5
Joint limit reached in joint 5
Joint limit reached in joint 5
Joint limit reached in joint 5
Joint limit reached in joint 5
Joint limit reached in joint 5
Joint limit reached in joint 5
Joint limit reached in joint 6
Joint limit reached in joint 6
Joint limit reached in joint 5
Joint limit reached in joint 5
Joint limit reached in joint 5
Joint limit reached in joint 5
Joint limit reached in joint 5
Joint limit reached in joint 5
Joint limit reached in joint 5
Joint limit reached in joint 5
Joint limit reached in joint 4
Joint limit reached in joint 4
Joint limit reached in joint 5
Joint limit reached in joint 5
Joint limit reached in joint 5
Joint limit reached in joint 6
Joint limit reached in joint 6
Joint limit reached in joint 5
Joint limit reached in joint 5
Joint limit reached in joint 5
Joint limit reached in joint 5
Joint limit reached in joint 5
Joint limit reached in joint 5
Joint limit reached in joint 5
Joint limit reached in joint 5
Joint limit reached in joint 1
Joint limit reached in joint 1
Joint limit reached in joint 6
Joint limit reached in joint 6
Joint limit reached in joint 5
Joint limit reached in joint 5
Joint limit reached in joint 3
Joint limit reached in joint 3
Joint limit reached in joint 5
Joint limit reached in joint 5
Joint limit reached in joint 5
Joint limit reached in joint 5
Joint limit reached in joint 3
Joint limit reached in joint 3
Joint limit reached in joint 1
Joint limit reached in joint 1
Joint limit reached in joint 5
Joint limit reached in joint 5
Joint limit reached in joint 5
Joint limit reached in joint 5
Joint limit reached in joint 5
Joint limit reached in joint 5
Joint limit reached in joint 3
Joint limit reached in joint 3
Joint limit reached in joint 5
Joint limit reached in joint 5
Joint limit reached in joint 3
Joint limit reached in joint 3
Joint limit reached in joint 5
Joint limit reached in joint 5
Joint limit reached in joint 5
Joint limit reached in joint 5
Joint limit reached in joint 3
Joint limit reached in joint 3
Joint limit reached in joint 5
Joint limit reached in joint 5
Joint limit reached in joint 3
Joint limit reached in joint 3
Joint limit reached in joint 5
Joint limit reached in joint 5
Joint limit reached in joint 5
Joint limit reached in joint 5
Joint limit reached in joint 3
Joint limit reached in joint 3
Joint limit reached in joint 5
Joint limit reached in joint 5
Joint limit reached in joint 5
Joint limit reached in joint 5
Joint limit reached in joint 6
Joint limit reached in joint 6
Joint limit reached in joint 5
Joint limit reached in joint 5
Joint limit reached in joint 5
Joint limit reached in joint 5
Joint limit reached in joint 5
Joint limit reached in joint 5
Joint limit reached in joint 5
Joint limit reached in joint 5
Joint limit reached in joint 5
Joint limit reached in joint 1
Joint limit reached in joint 1
Joint limit reached in joint 5
Joint limit reached in joint 5
Joint limit reached in joint 5
Joint limit reached in joint 5
Joint limit reached in joint 5
Joint limit reached in joint 5
Joint limit reached in joint 5
Joint limit reached in joint 5
Joint limit reached in joint 5
Joint limit reached in joint 5
Joint limit reached in joint 5
Joint limit reached in joint 5
Joint limit reached in joint 5
Joint limit reached in joint 5
Joint limit reached in joint 5
Joint limit reached in joint 5
Joint limit reached in joint 5
Joint limit reached in joint 5
Joint limit reached in joint 5
Joint limit reached in joint 5
Joint limit reached in joint 5
Joint limit reached in joint 5
Joint limit reached in joint 3
Joint limit reached in joint 3
Joint limit reached in joint 5
Joint limit reached in joint 5
Joint limit reached in joint 3
Joint limit reached in joint 3
Joint limit reached in joint 5
Joint limit reached in joint 5
Joint limit reached in joint 5
Joint limit reached in joint 5
Joint limit reached in joint 5
Joint limit reached in joint 5
Joint limit reached in joint 5
Joint limit reached in joint 5
Joint limit reached in joint 3
Joint limit reached in joint 3
Joint limit reached in joint 5
Joint limit reached in joint 5
Joint limit reached in joint 3
Joint limit reached in joint 3
Joint limit reached in joint 5
Joint limit reached in joint 5
Joint limit reached in joint 5
Joint limit reached in joint 5
Joint limit reached in joint 5
Joint limit reached in joint 5
Joint limit reached in joint 5
Joint limit reached in joint 5
Joint limit reached in joint 5
Joint limit reached in joint 5
Joint limit reached in joint 5
Joint limit reached in joint 5
Joint limit reached in joint 1
Joint limit reached in joint 1
Joint limit reached in joint 5
Joint limit reached in joint 5
Joint limit reached in joint 3
Joint limit reached in joint 3
Joint limit reached in joint 5
Joint limit reached in joint 5
Joint limit reached in joint 5
Joint limit reached in joint 5
Joint limit reached in joint 5
Joint limit reached in joint 5
Joint limit reached in joint 5
Joint limit reached in joint 5
Joint limit reached in joint 5
Joint limit reached in joint 5
Joint limit reached in joint 5
Joint limit reached in joint 5
Joint limit reached in joint 5
Joint limit reached in joint 5
Joint limit reached in joint 6
Joint limit reached in joint 6
Joint limit reached in joint 5
Joint limit reached in joint 5
Joint limit reached in joint 5
Joint limit reached in joint 5
Joint limit reached in joint 5
Joint limit reached in joint 5
Joint limit reached in joint 5
Joint limit reached in joint 5
Joint limit reached in joint 5
Joint limit reached in joint 5
Joint limit reached in joint 5
Joint limit reached in joint 5
Joint limit reached in joint 5
Joint limit reached in joint 5
Joint limit reached in joint 5
Joint limit reached in joint 5
Joint limit reached in joint 5
Joint limit reached in joint 5
Joint limit reached in joint 5
Joint limit reached in joint 5
Joint limit reached in joint 5
Joint limit reached in joint 5
Joint limit reached in joint 5
Joint limit reached in joint 5
Joint limit reached in joint 6
Joint limit reached in joint 6
Joint limit reached in joint 5
Joint limit reached in joint 5
Joint limit reached in joint 5
Joint limit reached in joint 5
Joint limit reached in joint 3
Joint limit reached in joint 5
Joint limit reached in joint 5
Joint limit reached in joint 5
Joint limit reached in joint 5
Joint limit reached in joint 5
Joint limit reached in joint 5
Joint limit reached in joint 5
Joint limit reached in joint 5
Joint limit reached in joint 5
Joint limit reached in joint 5
Joint limit reached in joint 5
Joint limit reached in joint 5
Joint limit reached in joint 6
Joint limit reached in joint 6
Joint limit reached in joint 5
Joint limit reached in joint 5
Joint limit reached in joint 5
Joint limit reached in joint 5
Joint limit reached in joint 6
Joint limit reached in joint 6
Joint limit reached in joint 5
Joint limit reached in joint 5
Joint limit reached in joint 5
Joint limit reached in joint 5
Joint limit reached in joint 5
Joint limit reached in joint 5
Joint limit reached in joint 5
Joint limit reached in joint 5
Joint limit reached in joint 5
Joint limit reached in joint 5
Joint limit reached in joint 5
Joint limit reached in joint 5
Joint limit reached in joint 5
Joint limit reached in joint 5
Joint limit reached in joint 5
Joint limit reached in joint 5
Joint limit reached in joint 5
Joint limit reached in joint 5
Joint limit reached in joint 5
Joint limit reached in joint 5
Joint limit reached in joint 5
Joint limit reached in joint 5
Joint limit reached in joint 5
Joint limit reached in joint 5
Joint limit reached in joint 5
Joint limit reached in joint 5
Joint limit reached in joint 5
Joint limit reached in joint 5
Joint limit reached in joint 5
Joint limit reached in joint 5
Joint limit reached in joint 5
Joint limit reached in joint 5
Joint limit reached in joint 5
Joint limit reached in joint 5
Joint limit reached in joint 5
Joint limit reached in joint 5
Joint limit reached in joint 5
Joint limit reached in joint 5
Joint limit reached in joint 5
Joint limit reached in joint 5
Joint limit reached in joint 6
Joint limit reached in joint 6
Joint limit reached in joint 5
Joint limit reached in joint 5
Joint limit reached in joint 5
Joint limit reached in joint 5
Joint limit reached in joint 5
Joint limit reached in joint 5
Joint limit reached in joint 6
Joint limit reached in joint 6
Joint limit reached in joint 3
Joint limit reached in joint 3
Joint limit reached in joint 5
Joint limit reached in joint 5
Joint limit reached in joint 5
Joint limit reached in joint 5
Joint limit reached in joint 5
Joint limit reached in joint 5
Joint limit reached in joint 6
Joint limit reached in joint 6
Joint limit reached in joint 5
Joint limit reached in joint 5
Joint limit reached in joint 5
Joint limit reached in joint 5
Joint limit reached in joint 5
Joint limit reached in joint 5
Joint limit reached in joint 5
Joint limit reached in joint 5
Joint limit reached in joint 3
Joint limit reached in joint 3
Joint limit reached in joint 5
Joint limit reached in joint 5
Joint limit reached in joint 5
Joint limit reached in joint 5
Joint limit reached in joint 5
Joint limit reached in joint 5
Joint limit reached in joint 5
Joint limit reached in joint 5
Joint limit reached in joint 5
Joint limit reached in joint 5
Joint limit reached in joint 5
Joint limit reached in joint 5
Joint limit reached in joint 5
Joint limit reached in joint 5
Joint limit reached in joint 5
Joint limit reached in joint 5
Joint limit reached in joint 5
Joint limit reached in joint 5
Joint limit reached in joint 5
Joint limit reached in joint 5
Joint limit reached in joint 6
Joint limit reached in joint 6
Joint limit reached in joint 5
Joint limit reached in joint 5
Joint limit reached in joint 5
Joint limit reached in joint 5
Joint limit reached in joint 1
Joint limit reached in joint 1
Joint limit reached in joint 5
Joint limit reached in joint 5
Joint limit reached in joint 6
Joint limit reached in joint 6
Joint limit reached in joint 5
Joint limit reached in joint 5
Joint limit reached in joint 6
Joint limit reached in joint 6
Joint limit reached in joint 5
Joint limit reached in joint 5
Joint limit reached in joint 5
Joint limit reached in joint 5
Joint limit reached in joint 5
Joint limit reached in joint 5
Joint limit reached in joint 5
Joint limit reached in joint 5
Joint limit reached in joint 6
Joint limit reached in joint 6
Joint limit reached in joint 3
Joint limit reached in joint 3
Joint limit reached in joint 5
Joint limit reached in joint 5
Joint limit reached in joint 5
Joint limit reached in joint 5
Joint limit reached in joint 5
Joint limit reached in joint 5
Joint limit reached in joint 5
Joint limit reached in joint 5
Joint limit reached in joint 5
Joint limit reached in joint 5
Joint limit reached in joint 3
Joint limit reached in joint 3
Joint limit reached in joint 5
Joint limit reached in joint 5
Joint limit reached in joint 1
Joint limit reached in joint 1
Joint limit reached in joint 6
Joint limit reached in joint 6
Joint limit reached in joint 5
Joint limit reached in joint 5
Joint limit reached in joint 1
Joint limit reached in joint 1
Joint limit reached in joint 5
Joint limit reached in joint 5
Joint limit reached in joint 3
Joint limit reached in joint 3
Joint limit reached in joint 5
Joint limit reached in joint 5
Joint limit reached in joint 5
Joint limit reached in joint 5
Joint limit reached in joint 5
Joint limit reached in joint 5
Joint limit reached in joint 5
Joint limit reached in joint 5
Joint limit reached in joint 5
Joint limit reached in joint 5
Joint limit reached in joint 5
Joint limit reached in joint 5
Joint limit reached in joint 5
Joint limit reached in joint 5
Joint limit reached in joint 5
Joint limit reached in joint 5
Joint limit reached in joint 4
Joint limit reached in joint 4
Joint limit reached in joint 5
Joint limit reached in joint 5
Joint limit reached in joint 5
Joint limit reached in joint 5
Joint limit reached in joint 5
Joint limit reached in joint 5
Joint limit reached in joint 5
Joint limit reached in joint 5
Joint limit reached in joint 5
Joint limit reached in joint 5
Joint limit reached in joint 5
Joint limit reached in joint 5
Joint limit reached in joint 5
Joint limit reached in joint 5
Joint limit reached in joint 5
Joint limit reached in joint 5
Joint limit reached in joint 5
Joint limit reached in joint 5
Joint limit reached in joint 5
Joint limit reached in joint 5
Joint limit reached in joint 5
Joint limit reached in joint 5
Joint limit reached in joint 5
Joint limit reached in joint 5
Joint limit reached in joint 5
Joint limit reached in joint 5
Joint limit reached in joint 5
Joint limit reached in joint 5
Joint limit reached in joint 5
Joint limit reached in joint 5
Joint limit reached in joint 6
Joint limit reached in joint 6
Joint limit reached in joint 5
Joint limit reached in joint 5
Joint limit reached in joint 5
Joint limit reached in joint 5
Joint limit reached in joint 5
Joint limit reached in joint 5
Joint limit reached in joint 5
Joint limit reached in joint 5
Joint limit reached in joint 5
Joint limit reached in joint 5
Joint limit reached in joint 5
Joint limit reached in joint 5
Joint limit reached in joint 5
Joint limit reached in joint 5
Joint limit reached in joint 5
Joint limit reached in joint 5
Joint limit reached in joint 5
Joint limit reached in joint 5
Joint limit reached in joint 5
Joint limit reached in joint 5
Joint limit reached in joint 5
Joint limit reached in joint 5
Joint limit reached in joint 5
Joint limit reached in joint 5
Joint limit reached in joint 5
Joint limit reached in joint 5
Joint limit reached in joint 5
Joint limit reached in joint 5
Joint limit reached in joint 5
Joint limit reached in joint 5
Joint limit reached in joint 3
Joint limit reached in joint 3
Joint limit reached in joint 5
Joint limit reached in joint 5
Joint limit reached in joint 5
Joint limit reached in joint 5
Joint limit reached in joint 5
Joint limit reached in joint 5
Joint limit reached in joint 1
Joint limit reached in joint 1
Joint limit reached in joint 5
Joint limit reached in joint 5
Joint limit reached in joint 5
Joint limit reached in joint 5
Joint limit reached in joint 5
Joint limit reached in joint 5
Joint limit reached in joint 4
Joint limit reached in joint 4
Joint limit reached in joint 5
Joint limit reached in joint 5
Joint limit reached in joint 5
Joint limit reached in joint 5
Joint limit reached in joint 3
Joint limit reached in joint 3
Joint limit reached in joint 5
Joint limit reached in joint 5
Joint limit reached in joint 5
Joint limit reached in joint 5
Joint limit reached in joint 5
Joint limit reached in joint 5
Joint limit reached in joint 3
Joint limit reached in joint 3
Joint limit reached in joint 5
Joint limit reached in joint 5
Joint limit reached in joint 5
Joint limit reached in joint 5
Joint limit reached in joint 5
Joint limit reached in joint 5
Joint limit reached in joint 5
Joint limit reached in joint 5
Joint limit reached in joint 5
Joint limit reached in joint 5
Joint limit reached in joint 5
Joint limit reached in joint 5
Joint limit reached in joint 3
Joint limit reached in joint 3
Joint limit reached in joint 3
Joint limit reached in joint 3
Joint limit reached in joint 3
Joint limit reached in joint 3
Joint limit reached in joint 5
Joint limit reached in joint 5
Joint limit reached in joint 3
Joint limit reached in joint 3
Joint limit reached in joint 5
Joint limit reached in joint 5
Joint limit reached in joint 5
Joint limit reached in joint 5
Joint limit reached in joint 5
Joint limit reached in joint 5
Joint limit reached in joint 3
Joint limit reached in joint 3
Joint limit reached in joint 5
Joint limit reached in joint 5
Joint limit reached in joint 5
Joint limit reached in joint 5
Joint limit reached in joint 6
Joint limit reached in joint 6
Joint limit reached in joint 5
Joint limit reached in joint 5
Joint limit reached in joint 5
Joint limit reached in joint 5
Joint limit reached in joint 6
Joint limit reached in joint 6
Joint limit reached in joint 5
Joint limit reached in joint 5
Joint limit reached in joint 5
Joint limit reached in joint 5
Joint limit reached in joint 5
Joint limit reached in joint 5